\BOOKMARK [0][-]{chapter*.1}{\376\377\000A\000C\000K\000N\000O\000W\000L\000E\000D\000G\000E\000M\000E\000N\000T\000S}{}% 1
\BOOKMARK [0][-]{chapter*.2}{\376\377\000A\000B\000S\000T\000R\000A\000C\000T}{}% 2
\BOOKMARK [0][-]{chapter*.3}{\376\377\000T\000A\000B\000L\000E\000\040\000O\000F\000\040\000C\000O\000N\000T\000E\000N\000T\000S}{}% 3
\BOOKMARK [0][-]{chapter*.4}{\376\377\000L\000I\000S\000T\000\040\000O\000F\000\040\000F\000I\000G\000U\000R\000E\000S}{}% 4
\BOOKMARK [0][-]{chapter*.5}{\376\377\000L\000I\000S\000T\000\040\000O\000F\000\040\000T\000A\000B\000L\000E\000S}{}% 5
\BOOKMARK [0][-]{chapter*.6}{\376\377\000L\000I\000S\000T\000\040\000O\000F\000\040\000A\000B\000B\000R\000E\000V\000I\000A\000T\000I\000O\000N\000S}{}% 6
\BOOKMARK [0][-]{chapter.1}{\376\377\000I\000N\000T\000R\000O\000D\000U\000C\000T\000I\000O\000N}{}% 7
\BOOKMARK [1][-]{section.1.1}{\376\377\000C\000o\000n\000t\000e\000x\000t\000\040\000a\000n\000d\000\040\000M\000o\000t\000i\000v\000a\000t\000i\000o\000n}{chapter.1}% 8
\BOOKMARK [1][-]{section.1.2}{\376\377\000P\000r\000o\000j\000e\000c\000t\000\040\000O\000v\000e\000r\000v\000i\000e\000w}{chapter.1}% 9
\BOOKMARK [1][-]{section.1.3}{\376\377\000R\000e\000p\000o\000r\000t\000\040\000S\000t\000r\000u\000c\000t\000u\000r\000e}{chapter.1}% 10
\BOOKMARK [0][-]{chapter.2}{\376\377\000O\000B\000J\000E\000C\000T\000I\000V\000E\000S}{}% 11
\BOOKMARK [1][-]{section.2.1}{\376\377\000D\000e\000s\000i\000r\000e\000d\000\040\000F\000e\000a\000t\000u\000r\000e\000s}{chapter.2}% 12
\BOOKMARK [2][-]{subsection.2.1.1}{\376\377\000P\000u\000b\000l\000i\000c\000\040\000R\000e\000n\000t\000a\000l\000\040\000I\000n\000t\000e\000r\000f\000a\000c\000e}{section.2.1}% 13
\BOOKMARK [2][-]{subsection.2.1.2}{\376\377\000L\000a\000n\000d\000l\000o\000r\000d\000\040\000A\000d\000m\000i\000n\000i\000s\000t\000r\000a\000t\000i\000o\000n\000\040\000D\000a\000s\000h\000b\000o\000a\000r\000d}{section.2.1}% 14
\BOOKMARK [2][-]{subsection.2.1.3}{\376\377\000T\000e\000n\000a\000n\000t\000\040\000P\000o\000r\000t\000a\000l}{section.2.1}% 15
\BOOKMARK [1][-]{section.2.2}{\376\377\000P\000r\000o\000j\000e\000c\000t\000\040\000S\000c\000o\000p\000e}{chapter.2}% 16
\BOOKMARK [1][-]{section.2.3}{\376\377\000E\000n\000g\000i\000n\000e\000e\000r\000i\000n\000g\000\040\000G\000o\000a\000l\000s}{chapter.2}% 17
\BOOKMARK [1][-]{section.2.4}{\376\377\000E\000x\000p\000e\000c\000t\000e\000d\000\040\000O\000u\000t\000c\000o\000m\000e\000s}{chapter.2}% 18
\BOOKMARK [0][-]{chapter.3}{\376\377\000R\000E\000Q\000U\000I\000R\000E\000M\000E\000N\000T\000S\000\040\000A\000N\000A\000L\000Y\000S\000I\000S}{}% 19
\BOOKMARK [1][-]{section.3.1}{\376\377\000O\000v\000e\000r\000a\000l\000l\000\040\000S\000y\000s\000t\000e\000m\000\040\000R\000e\000q\000u\000i\000r\000e\000m\000e\000n\000t\000s}{chapter.3}% 20
\BOOKMARK [2][-]{subsection.3.1.1}{\376\377\000P\000u\000b\000l\000i\000c\000\040\000V\000i\000s\000i\000t\000o\000r\000\040\000R\000e\000q\000u\000i\000r\000e\000m\000e\000n\000t\000s}{section.3.1}% 21
\BOOKMARK [2][-]{subsection.3.1.2}{\376\377\000L\000a\000n\000d\000l\000o\000r\000d\000\040\000R\000e\000q\000u\000i\000r\000e\000m\000e\000n\000t\000s}{section.3.1}% 22
\BOOKMARK [2][-]{subsection.3.1.3}{\376\377\000T\000e\000n\000a\000n\000t\000\040\000R\000e\000q\000u\000i\000r\000e\000m\000e\000n\000t\000s}{section.3.1}% 23
\BOOKMARK [1][-]{section.3.2}{\376\377\000U\000s\000e\000\040\000C\000a\000s\000e\000s}{chapter.3}% 24
\BOOKMARK [2][-]{subsection.3.2.1}{\376\377\000L\000a\000n\000d\000l\000o\000r\000d\000\040\000U\000s\000e\000\040\000C\000a\000s\000e}{section.3.2}% 25
\BOOKMARK [2][-]{subsection.3.2.2}{\376\377\000T\000e\000n\000a\000n\000t\000\040\000U\000s\000e\000\040\000C\000a\000s\000e}{section.3.2}% 26
\BOOKMARK [1][-]{section.3.3}{\376\377\000U\000s\000e\000\040\000C\000a\000s\000e\000\040\000S\000p\000e\000c\000i\000f\000i\000c\000a\000t\000i\000o\000n\000s}{chapter.3}% 27
\BOOKMARK [2][-]{subsection.3.3.1}{\376\377\000T\000e\000n\000a\000n\000t\000\040\000P\000o\000r\000t\000a\000l\000\040\000U\000s\000e\000\040\000C\000a\000s\000e\000s}{section.3.3}% 28
\BOOKMARK [2][-]{subsection.3.3.2}{\376\377\000L\000a\000n\000d\000l\000o\000r\000d\000\040\000D\000a\000s\000h\000b\000o\000a\000r\000d\000\040\000U\000s\000e\000\040\000C\000a\000s\000e\000s}{section.3.3}% 29
\BOOKMARK [1][-]{section.3.4}{\376\377\000D\000a\000t\000a\000\040\000R\000e\000q\000u\000i\000r\000e\000m\000e\000n\000t\000s}{chapter.3}% 30
\BOOKMARK [0][-]{chapter.4}{\376\377\000M\000E\000T\000H\000O\000D\000O\000L\000O\000G\000Y}{}% 31
\BOOKMARK [1][-]{section.4.1}{\376\377\000T\000o\000o\000l\000s\000\040\000a\000n\000d\000\040\000T\000e\000c\000h\000n\000i\000q\000u\000e\000s}{chapter.4}% 32
\BOOKMARK [2][-]{subsection.4.1.1}{\376\377\000B\000a\000c\000k\000e\000n\000d\000\040\000S\000e\000r\000v\000i\000c\000e\000s}{section.4.1}% 33
\BOOKMARK [2][-]{subsection.4.1.2}{\376\377\000F\000r\000o\000n\000t\000e\000n\000d\000\040\000P\000o\000r\000t\000a\000l}{section.4.1}% 34
\BOOKMARK [2][-]{subsection.4.1.3}{\376\377\000S\000u\000p\000p\000o\000r\000t\000i\000n\000g\000\040\000S\000e\000r\000v\000i\000c\000e\000s\000\040\000a\000n\000d\000\040\000I\000n\000t\000e\000g\000r\000a\000t\000i\000o\000n\000s}{section.4.1}% 35
\BOOKMARK [2][-]{subsection.4.1.4}{\376\377\000I\000n\000f\000r\000a\000s\000t\000r\000u\000c\000t\000u\000r\000e\000\040\000a\000n\000d\000\040\000D\000e\000p\000l\000o\000y\000m\000e\000n\000t}{section.4.1}% 36
\BOOKMARK [1][-]{section.4.2}{\376\377\000S\000y\000s\000t\000e\000m\000\040\000A\000r\000c\000h\000i\000t\000e\000c\000t\000u\000r\000e}{chapter.4}% 37
\BOOKMARK [2][-]{subsection.4.2.1}{\376\377\000O\000v\000e\000r\000a\000l\000l\000\040\000S\000y\000s\000t\000e\000m\000\040\000S\000t\000r\000u\000c\000t\000u\000r\000e}{section.4.2}% 38
\BOOKMARK [2][-]{subsection.4.2.2}{\376\377\000L\000a\000y\000e\000r\000e\000d\000\040\000D\000e\000s\000i\000g\000n}{section.4.2}% 39
\BOOKMARK [1][-]{section.4.3}{\376\377\000D\000a\000t\000a\000b\000a\000s\000e\000\040\000D\000e\000s\000i\000g\000n}{chapter.4}% 40
\BOOKMARK [2][-]{subsection.4.3.1}{\376\377\000E\000n\000t\000i\000t\000y\000-\000R\000e\000l\000a\000t\000i\000o\000n\000s\000h\000i\000p\000\040\000D\000i\000a\000g\000r\000a\000m}{section.4.3}% 41
\BOOKMARK [2][-]{subsection.4.3.2}{\376\377\000C\000o\000r\000e\000\040\000D\000a\000t\000a\000b\000a\000s\000e\000\040\000T\000a\000b\000l\000e\000s}{section.4.3}% 42
\BOOKMARK [2][-]{subsection.4.3.3}{\376\377\000M\000u\000l\000t\000i\000-\000T\000e\000n\000a\000n\000t\000\040\000D\000a\000t\000a\000\040\000P\000r\000i\000v\000a\000c\000y}{section.4.3}% 43
\BOOKMARK [1][-]{section.4.4}{\376\377\000A\000u\000t\000h\000e\000n\000t\000i\000c\000a\000t\000i\000o\000n\000\040\000a\000n\000d\000\040\000A\000u\000t\000h\000o\000r\000i\000z\000a\000t\000i\000o\000n}{chapter.4}% 44
\BOOKMARK [2][-]{subsection.4.4.1}{\376\377\000U\000s\000e\000r\000\040\000A\000u\000t\000h\000e\000n\000t\000i\000c\000a\000t\000i\000o\000n\000\040\000w\000i\000t\000h\000\040\000J\000W\000T}{section.4.4}% 45
\BOOKMARK [2][-]{subsection.4.4.2}{\376\377\000A\000P\000I\000\040\000P\000r\000o\000t\000e\000c\000t\000i\000o\000n\000\040\000w\000i\000t\000h\000\040\000A\000u\000t\000h\000\040\000G\000u\000a\000r\000d\000s}{section.4.4}% 46
\BOOKMARK [2][-]{subsection.4.4.3}{\376\377\000M\000u\000l\000t\000i\000-\000T\000e\000n\000a\000n\000t\000\040\000A\000u\000t\000h\000o\000r\000i\000z\000a\000t\000i\000o\000n\000\040\000F\000i\000l\000t\000e\000r}{section.4.4}% 47
\BOOKMARK [1][-]{section.4.5}{\376\377\000A\000u\000t\000o\000m\000a\000t\000i\000o\000n\000\040\000a\000n\000d\000\040\000B\000u\000s\000i\000n\000e\000s\000s\000\040\000L\000o\000g\000i\000c}{chapter.4}% 48
\BOOKMARK [2][-]{subsection.4.5.1}{\376\377\000R\000e\000n\000t\000a\000l\000\040\000C\000o\000n\000t\000r\000a\000c\000t\000\040\000C\000r\000e\000a\000t\000i\000o\000n}{section.4.5}% 49
\BOOKMARK [2][-]{subsection.4.5.2}{\376\377\000I\000n\000v\000o\000i\000c\000e\000\040\000P\000a\000y\000m\000e\000n\000t\000\040\000a\000n\000d\000\040\000V\000e\000r\000i\000f\000i\000c\000a\000t\000i\000o\000n}{section.4.5}% 50
\BOOKMARK [2][-]{subsection.4.5.3}{\376\377\000T\000e\000n\000a\000n\000t\000\040\000I\000n\000c\000i\000d\000e\000n\000t\000\040\000H\000a\000n\000d\000l\000i\000n\000g}{section.4.5}% 51
\BOOKMARK [1][-]{section.4.6}{\376\377\000A\000I\000\040\000I\000n\000t\000e\000g\000r\000a\000t\000i\000o\000n}{chapter.4}% 52
\BOOKMARK [2][-]{subsection.4.6.1}{\376\377\000A\000I\000\040\000A\000s\000s\000i\000s\000t\000a\000n\000t\000\040\000w\000i\000t\000h\000\040\000G\000o\000o\000g\000l\000e\000\040\000G\000e\000m\000i\000n\000i}{section.4.6}% 53
\BOOKMARK [0][-]{chapter.5}{\376\377\000R\000E\000S\000U\000L\000T\000S\000\040\000A\000N\000D\000\040\000D\000I\000S\000C\000U\000S\000S\000I\000O\000N}{}% 54
\BOOKMARK [1][-]{section.5.1}{\376\377\000L\000a\000n\000d\000l\000o\000r\000d\000\040\000A\000d\000m\000i\000n\000i\000s\000t\000r\000a\000t\000i\000o\000n\000\040\000D\000a\000s\000h\000b\000o\000a\000r\000d\000\040\000a\000n\000d\000\040\000R\000o\000o\000m\000\040\000M\000a\000n\000a\000g\000e\000m\000e\000n\000t}{chapter.5}% 55
\BOOKMARK [1][-]{section.5.2}{\376\377\000P\000u\000b\000l\000i\000c\000\040\000R\000o\000o\000m\000\040\000L\000i\000s\000t\000i\000n\000g\000\040\000a\000n\000d\000\040\000R\000e\000n\000t\000B\000o\000t\000\040\000A\000I\000\040\000C\000h\000a\000t\000b\000o\000t}{chapter.5}% 56
\BOOKMARK [1][-]{section.5.3}{\376\377\000T\000e\000n\000a\000n\000t\000\040\000P\000o\000r\000t\000a\000l\000\040\000a\000n\000d\000\040\000P\000e\000r\000s\000o\000n\000a\000l\000\040\000A\000I\000\040\000A\000s\000s\000i\000s\000t\000a\000n\000t}{chapter.5}% 57
\BOOKMARK [1][-]{section.5.4}{\376\377\000I\000n\000v\000o\000i\000c\000e\000\040\000P\000a\000y\000m\000e\000n\000t\000\040\000w\000i\000t\000h\000\040\000V\000i\000e\000t\000Q\000R\000\040\000I\000n\000t\000e\000g\000r\000a\000t\000i\000o\000n}{chapter.5}% 58
\BOOKMARK [1][-]{section.5.5}{\376\377\000D\000i\000f\000f\000i\000c\000u\000l\000t\000i\000e\000s\000\040\000a\000n\000d\000\040\000L\000i\000m\000i\000t\000a\000t\000i\000o\000n\000s}{chapter.5}% 59
\BOOKMARK [1][-]{section.5.6}{\376\377\000D\000i\000s\000c\000u\000s\000s\000i\000o\000n}{chapter.5}% 60
\BOOKMARK [0][-]{chapter.6}{\376\377\000C\000O\000N\000C\000L\000U\000S\000I\000O\000N\000\040\000A\000N\000D\000\040\000F\000U\000T\000U\000R\000E\000\040\000W\000O\000R\000K}{}% 61
\BOOKMARK [1][-]{section.6.1}{\376\377\000C\000o\000n\000c\000l\000u\000s\000i\000o\000n}{chapter.6}% 62
\BOOKMARK [1][-]{section.6.2}{\376\377\000F\000u\000t\000u\000r\000e\000\040\000W\000o\000r\000k}{chapter.6}% 63
\BOOKMARK [2][-]{subsection.6.2.1}{\376\377\000P\000r\000o\000d\000u\000c\000t\000i\000o\000n\000\040\000P\000a\000y\000m\000e\000n\000t\000\040\000I\000n\000t\000e\000g\000r\000a\000t\000i\000o\000n}{section.6.2}% 64
\BOOKMARK [2][-]{subsection.6.2.2}{\376\377\000A\000d\000v\000a\000n\000c\000e\000d\000\040\000U\000t\000i\000l\000i\000t\000y\000\040\000B\000i\000l\000l\000i\000n\000g}{section.6.2}% 65
\BOOKMARK [2][-]{subsection.6.2.3}{\376\377\000S\000t\000r\000o\000n\000g\000e\000r\000\040\000M\000u\000l\000t\000i\000-\000T\000e\000n\000a\000n\000t\000\040\000S\000e\000c\000u\000r\000i\000t\000y}{section.6.2}% 66
\BOOKMARK [2][-]{subsection.6.2.4}{\376\377\000M\000o\000b\000i\000l\000e\000\040\000T\000e\000n\000a\000n\000t\000\040\000E\000x\000p\000e\000r\000i\000e\000n\000c\000e}{section.6.2}% 67
\BOOKMARK [2][-]{subsection.6.2.5}{\376\377\000A\000n\000a\000l\000y\000t\000i\000c\000s\000\040\000a\000n\000d\000\040\000F\000o\000r\000e\000c\000a\000s\000t\000i\000n\000g}{section.6.2}% 68
\BOOKMARK [2][-]{subsection.6.2.6}{\376\377\000D\000o\000c\000u\000m\000e\000n\000t\000\040\000a\000n\000d\000\040\000C\000o\000n\000t\000r\000a\000c\000t\000\040\000M\000a\000n\000a\000g\000e\000m\000e\000n\000t}{section.6.2}% 69
